2024-08-22 19:33:32,438 [Worker-1: Loading available Gradle versions] INFO  o.e.b.c.i.u.g.PublishedGradleVersions - Gradle version information cache is up-to-date. Trying to read.
2024-08-22 19:44:41,952 [Worker-13: Enabling Maven Dependency Management] INFO  o.e.m.c.i.l.LifecycleMappingFactory - Using org.eclipse.m2e.jdt.JarLifecycleMapping lifecycle mapping for MavenProject: Automation:Selenium-java:0.0.1-SNAPSHOT @ C:\Users\User\eclipse-workspace\Selenium_project\Learning_Automation\pom.xml.
2024-08-22 19:44:43,001 [Worker-24: Building] WARN  o.a.m.s.f.DefaultMavenResourcesFiltering - Using platform encoding (UTF-8 actually) to copy filtered resources, i.e. build is platform dependent!
2024-08-22 19:44:43,003 [Worker-24: Building] INFO  o.a.m.s.f.DefaultMavenResourcesFiltering - skip non existing resourceDirectory C:\Users\User\eclipse-workspace\Selenium_project\Learning_Automation\src\main\resources
2024-08-22 19:44:43,009 [Worker-24: Building] WARN  o.a.m.s.f.DefaultMavenResourcesFiltering - Using platform encoding (UTF-8 actually) to copy filtered resources, i.e. build is platform dependent!
2024-08-22 19:44:43,010 [Worker-24: Building] INFO  o.a.m.s.f.DefaultMavenResourcesFiltering - skip non existing resourceDirectory C:\Users\User\eclipse-workspace\Selenium_project\Learning_Automation\src\test\resources
2024-08-22 19:44:43,446 [Worker-13: Enabling Maven Dependency Management] INFO  o.e.m.j.i.AbstractJavaProjectConfigurator - Adding source folder /Learning_Automation/src
2024-08-22 19:44:43,449 [Worker-13: Enabling Maven Dependency Management] INFO  o.e.m.j.i.AbstractJavaProjectConfigurator - Resources folder /Learning_Automation/src/main/resources overlaps with sources folder /Learning_Automation/src
2024-08-22 19:44:43,450 [Worker-13: Enabling Maven Dependency Management] INFO  o.e.m.j.i.AbstractJavaProjectConfigurator - Not adding source folder /Learning_Automation/src/test/java because it overlaps with /Learning_Automation/src
2024-08-22 19:44:43,452 [Worker-13: Enabling Maven Dependency Management] INFO  o.e.m.j.i.AbstractJavaProjectConfigurator - Resources folder /Learning_Automation/src/test/resources overlaps with sources folder /Learning_Automation/src
2024-08-22 19:44:43,616 [Worker-13: Enabling Maven Dependency Management] INFO  o.e.m.c.i.p.ProjectConfigurationManager - Update started
2024-08-22 19:44:44,290 [Worker-13: Enabling Maven Dependency Management] INFO  o.e.m.c.i.l.LifecycleMappingFactory - Using org.eclipse.m2e.jdt.JarLifecycleMapping lifecycle mapping for MavenProject: Automation:Selenium-java:0.0.1-SNAPSHOT @ C:\Users\User\eclipse-workspace\Selenium_project\Learning_Automation\pom.xml.
2024-08-22 19:44:44,604 [Worker-24: Building] WARN  o.a.m.s.f.DefaultMavenResourcesFiltering - Using platform encoding (UTF-8 actually) to copy filtered resources, i.e. build is platform dependent!
2024-08-22 19:44:44,606 [Worker-24: Building] INFO  o.a.m.s.f.DefaultMavenResourcesFiltering - skip non existing resourceDirectory C:\Users\User\eclipse-workspace\Selenium_project\Learning_Automation\src\main\resources
2024-08-22 19:44:44,612 [Worker-24: Building] WARN  o.a.m.s.f.DefaultMavenResourcesFiltering - Using platform encoding (UTF-8 actually) to copy filtered resources, i.e. build is platform dependent!
2024-08-22 19:44:44,614 [Worker-24: Building] INFO  o.a.m.s.f.DefaultMavenResourcesFiltering - skip non existing resourceDirectory C:\Users\User\eclipse-workspace\Selenium_project\Learning_Automation\src\test\resources
2024-08-22 19:44:44,991 [Worker-13: Enabling Maven Dependency Management] INFO  o.e.m.j.i.AbstractJavaProjectConfigurator - Adding source folder /Learning_Automation/src
2024-08-22 19:44:44,993 [Worker-13: Enabling Maven Dependency Management] INFO  o.e.m.j.i.AbstractJavaProjectConfigurator - Resources folder /Learning_Automation/src/main/resources overlaps with sources folder /Learning_Automation/src
2024-08-22 19:44:44,993 [Worker-13: Enabling Maven Dependency Management] INFO  o.e.m.j.i.AbstractJavaProjectConfigurator - Not adding source folder /Learning_Automation/src/test/java because it overlaps with /Learning_Automation/src
2024-08-22 19:44:44,994 [Worker-13: Enabling Maven Dependency Management] INFO  o.e.m.j.i.AbstractJavaProjectConfigurator - Resources folder /Learning_Automation/src/test/resources overlaps with sources folder /Learning_Automation/src
2024-08-22 19:44:45,021 [Worker-13: Enabling Maven Dependency Management] INFO  o.e.m.c.i.p.ProjectConfigurationManager - Update completed for 1 poms: local refresh takes 0.00 sec, refresh facades takes 0.00 sec, update config takes 0.00 sec 
2024-08-22 19:44:46,001 [Worker-13: Building] WARN  o.a.m.s.f.DefaultMavenResourcesFiltering - Using platform encoding (UTF-8 actually) to copy filtered resources, i.e. build is platform dependent!
2024-08-22 19:44:46,001 [Worker-13: Building] INFO  o.a.m.s.f.DefaultMavenResourcesFiltering - skip non existing resourceDirectory C:\Users\User\eclipse-workspace\Selenium_project\Learning_Automation\src\main\resources
2024-08-22 19:44:46,003 [Worker-13: Building] WARN  o.a.m.s.f.DefaultMavenResourcesFiltering - Using platform encoding (UTF-8 actually) to copy filtered resources, i.e. build is platform dependent!
2024-08-22 19:44:46,004 [Worker-13: Building] INFO  o.a.m.s.f.DefaultMavenResourcesFiltering - skip non existing resourceDirectory C:\Users\User\eclipse-workspace\Selenium_project\Learning_Automation\src\test\resources
2024-08-22 19:47:40,845 [Worker-20: Building] INFO  o.e.m.c.i.l.LifecycleMappingFactory - Using org.eclipse.m2e.jdt.JarLifecycleMapping lifecycle mapping for MavenProject: Automation:Selenium-java:0.0.1-SNAPSHOT @ C:\Users\User\eclipse-workspace\Selenium_project\Learning_Automation\pom.xml.
2024-08-22 19:47:41,272 [Worker-20: Building] WARN  o.a.m.s.f.DefaultMavenResourcesFiltering - Using platform encoding (UTF-8 actually) to copy filtered resources, i.e. build is platform dependent!
2024-08-22 19:47:41,273 [Worker-20: Building] INFO  o.a.m.s.f.DefaultMavenResourcesFiltering - skip non existing resourceDirectory C:\Users\User\eclipse-workspace\Selenium_project\Learning_Automation\src\main\resources
2024-08-22 19:47:41,278 [Worker-20: Building] WARN  o.a.m.s.f.DefaultMavenResourcesFiltering - Using platform encoding (UTF-8 actually) to copy filtered resources, i.e. build is platform dependent!
2024-08-22 19:47:41,279 [Worker-20: Building] INFO  o.a.m.s.f.DefaultMavenResourcesFiltering - skip non existing resourceDirectory C:\Users\User\eclipse-workspace\Selenium_project\Learning_Automation\src\test\resources
2024-08-22 19:47:42,780 [Worker-13: Building] WARN  o.a.m.s.f.DefaultMavenResourcesFiltering - Using platform encoding (UTF-8 actually) to copy filtered resources, i.e. build is platform dependent!
2024-08-22 19:47:42,780 [Worker-13: Building] INFO  o.a.m.s.f.DefaultMavenResourcesFiltering - skip non existing resourceDirectory C:\Users\User\eclipse-workspace\Selenium_project\Learning_Automation\src\main\resources
2024-08-22 19:47:42,780 [Worker-13: Building] WARN  o.a.m.s.f.DefaultMavenResourcesFiltering - Using platform encoding (UTF-8 actually) to copy filtered resources, i.e. build is platform dependent!
2024-08-22 19:47:42,780 [Worker-13: Building] INFO  o.a.m.s.f.DefaultMavenResourcesFiltering - skip non existing resourceDirectory C:\Users\User\eclipse-workspace\Selenium_project\Learning_Automation\src\test\resources
2024-08-22 19:52:42,621 [Worker-25: Building] INFO  o.e.m.c.i.l.LifecycleMappingFactory - Using org.eclipse.m2e.jdt.JarLifecycleMapping lifecycle mapping for MavenProject: Automation:Selenium-java:0.0.1-SNAPSHOT @ C:\Users\User\eclipse-workspace\Selenium_project\Learning_Automation\pom.xml.
2024-08-22 19:52:42,902 [Worker-25: Building] WARN  o.a.m.s.f.DefaultMavenResourcesFiltering - Using platform encoding (UTF-8 actually) to copy filtered resources, i.e. build is platform dependent!
2024-08-22 19:52:42,903 [Worker-25: Building] INFO  o.a.m.s.f.DefaultMavenResourcesFiltering - skip non existing resourceDirectory C:\Users\User\eclipse-workspace\Selenium_project\Learning_Automation\src\main\resources
2024-08-22 19:52:42,907 [Worker-25: Building] WARN  o.a.m.s.f.DefaultMavenResourcesFiltering - Using platform encoding (UTF-8 actually) to copy filtered resources, i.e. build is platform dependent!
2024-08-22 19:52:42,908 [Worker-25: Building] INFO  o.a.m.s.f.DefaultMavenResourcesFiltering - skip non existing resourceDirectory C:\Users\User\eclipse-workspace\Selenium_project\Learning_Automation\src\test\resources
2024-08-22 19:52:44,157 [Worker-27: Building] WARN  o.a.m.s.f.DefaultMavenResourcesFiltering - Using platform encoding (UTF-8 actually) to copy filtered resources, i.e. build is platform dependent!
2024-08-22 19:52:44,158 [Worker-27: Building] INFO  o.a.m.s.f.DefaultMavenResourcesFiltering - skip non existing resourceDirectory C:\Users\User\eclipse-workspace\Selenium_project\Learning_Automation\src\main\resources
2024-08-22 19:52:44,160 [Worker-27: Building] WARN  o.a.m.s.f.DefaultMavenResourcesFiltering - Using platform encoding (UTF-8 actually) to copy filtered resources, i.e. build is platform dependent!
2024-08-22 19:52:44,161 [Worker-27: Building] INFO  o.a.m.s.f.DefaultMavenResourcesFiltering - skip non existing resourceDirectory C:\Users\User\eclipse-workspace\Selenium_project\Learning_Automation\src\test\resources
2024-08-22 19:59:30,258 [Worker-27: Building] WARN  o.a.m.s.f.DefaultMavenResourcesFiltering - Using platform encoding (UTF-8 actually) to copy filtered resources, i.e. build is platform dependent!
2024-08-22 19:59:30,259 [Worker-27: Building] INFO  o.a.m.s.f.DefaultMavenResourcesFiltering - skip non existing resourceDirectory C:\Users\User\eclipse-workspace\Selenium_project\Learning_Automation\src\main\resources
2024-08-22 19:59:30,261 [Worker-27: Building] WARN  o.a.m.s.f.DefaultMavenResourcesFiltering - Using platform encoding (UTF-8 actually) to copy filtered resources, i.e. build is platform dependent!
2024-08-22 19:59:30,263 [Worker-27: Building] INFO  o.a.m.s.f.DefaultMavenResourcesFiltering - skip non existing resourceDirectory C:\Users\User\eclipse-workspace\Selenium_project\Learning_Automation\src\test\resources
2024-08-22 20:48:52,389 [Worker-28: Building] WARN  o.a.m.s.f.DefaultMavenResourcesFiltering - Using platform encoding (UTF-8 actually) to copy filtered resources, i.e. build is platform dependent!
2024-08-22 20:48:52,414 [Worker-28: Building] INFO  o.a.m.s.f.DefaultMavenResourcesFiltering - skip non existing resourceDirectory C:\Users\User\eclipse-workspace\Selenium_project\Learning_Automation\src\main\resources
2024-08-22 20:48:52,420 [Worker-28: Building] WARN  o.a.m.s.f.DefaultMavenResourcesFiltering - Using platform encoding (UTF-8 actually) to copy filtered resources, i.e. build is platform dependent!
2024-08-22 20:48:52,423 [Worker-28: Building] INFO  o.a.m.s.f.DefaultMavenResourcesFiltering - skip non existing resourceDirectory C:\Users\User\eclipse-workspace\Selenium_project\Learning_Automation\src\test\resources
2024-08-22 20:57:44,478 [Worker-31: Building] WARN  o.a.m.s.f.DefaultMavenResourcesFiltering - Using platform encoding (UTF-8 actually) to copy filtered resources, i.e. build is platform dependent!
2024-08-22 20:57:44,479 [Worker-31: Building] INFO  o.a.m.s.f.DefaultMavenResourcesFiltering - skip non existing resourceDirectory C:\Users\User\eclipse-workspace\Selenium_project\Learning_Automation\src\main\resources
2024-08-22 20:57:44,485 [Worker-31: Building] WARN  o.a.m.s.f.DefaultMavenResourcesFiltering - Using platform encoding (UTF-8 actually) to copy filtered resources, i.e. build is platform dependent!
2024-08-22 20:57:44,487 [Worker-31: Building] INFO  o.a.m.s.f.DefaultMavenResourcesFiltering - skip non existing resourceDirectory C:\Users\User\eclipse-workspace\Selenium_project\Learning_Automation\src\test\resources
2024-08-22 21:13:08,755 [Worker-34: Building] WARN  o.a.m.s.f.DefaultMavenResourcesFiltering - Using platform encoding (UTF-8 actually) to copy filtered resources, i.e. build is platform dependent!
2024-08-22 21:13:08,758 [Worker-34: Building] INFO  o.a.m.s.f.DefaultMavenResourcesFiltering - skip non existing resourceDirectory C:\Users\User\eclipse-workspace\Selenium_project\Learning_Automation\src\main\resources
2024-08-22 21:13:08,761 [Worker-34: Building] WARN  o.a.m.s.f.DefaultMavenResourcesFiltering - Using platform encoding (UTF-8 actually) to copy filtered resources, i.e. build is platform dependent!
2024-08-22 21:13:08,763 [Worker-34: Building] INFO  o.a.m.s.f.DefaultMavenResourcesFiltering - skip non existing resourceDirectory C:\Users\User\eclipse-workspace\Selenium_project\Learning_Automation\src\test\resources
2024-08-22 21:13:26,876 [Worker-36: Building] WARN  o.a.m.s.f.DefaultMavenResourcesFiltering - Using platform encoding (UTF-8 actually) to copy filtered resources, i.e. build is platform dependent!
2024-08-22 21:13:26,878 [Worker-36: Building] INFO  o.a.m.s.f.DefaultMavenResourcesFiltering - skip non existing resourceDirectory C:\Users\User\eclipse-workspace\Selenium_project\Learning_Automation\src\main\resources
2024-08-22 21:13:26,888 [Worker-36: Building] WARN  o.a.m.s.f.DefaultMavenResourcesFiltering - Using platform encoding (UTF-8 actually) to copy filtered resources, i.e. build is platform dependent!
2024-08-22 21:13:26,890 [Worker-36: Building] INFO  o.a.m.s.f.DefaultMavenResourcesFiltering - skip non existing resourceDirectory C:\Users\User\eclipse-workspace\Selenium_project\Learning_Automation\src\test\resources
2024-08-22 21:14:08,956 [Worker-39: Building] WARN  o.a.m.s.f.DefaultMavenResourcesFiltering - Using platform encoding (UTF-8 actually) to copy filtered resources, i.e. build is platform dependent!
2024-08-22 21:14:08,959 [Worker-39: Building] INFO  o.a.m.s.f.DefaultMavenResourcesFiltering - skip non existing resourceDirectory C:\Users\User\eclipse-workspace\Selenium_project\Learning_Automation\src\main\resources
2024-08-22 21:14:08,964 [Worker-39: Building] WARN  o.a.m.s.f.DefaultMavenResourcesFiltering - Using platform encoding (UTF-8 actually) to copy filtered resources, i.e. build is platform dependent!
2024-08-22 21:14:08,967 [Worker-39: Building] INFO  o.a.m.s.f.DefaultMavenResourcesFiltering - skip non existing resourceDirectory C:\Users\User\eclipse-workspace\Selenium_project\Learning_Automation\src\test\resources
2024-08-22 21:44:21,364 [Worker-34: Building] WARN  o.a.m.s.f.DefaultMavenResourcesFiltering - Using platform encoding (UTF-8 actually) to copy filtered resources, i.e. build is platform dependent!
2024-08-22 21:44:21,369 [Worker-34: Building] INFO  o.a.m.s.f.DefaultMavenResourcesFiltering - skip non existing resourceDirectory C:\Users\User\eclipse-workspace\Selenium_project\Learning_Automation\src\main\resources
2024-08-22 21:44:21,375 [Worker-34: Building] WARN  o.a.m.s.f.DefaultMavenResourcesFiltering - Using platform encoding (UTF-8 actually) to copy filtered resources, i.e. build is platform dependent!
2024-08-22 21:44:21,377 [Worker-34: Building] INFO  o.a.m.s.f.DefaultMavenResourcesFiltering - skip non existing resourceDirectory C:\Users\User\eclipse-workspace\Selenium_project\Learning_Automation\src\test\resources
2024-08-22 21:45:03,020 [Worker-43: Building] WARN  o.a.m.s.f.DefaultMavenResourcesFiltering - Using platform encoding (UTF-8 actually) to copy filtered resources, i.e. build is platform dependent!
2024-08-22 21:45:03,023 [Worker-43: Building] INFO  o.a.m.s.f.DefaultMavenResourcesFiltering - skip non existing resourceDirectory C:\Users\User\eclipse-workspace\Selenium_project\Learning_Automation\src\main\resources
2024-08-22 21:45:03,026 [Worker-43: Building] WARN  o.a.m.s.f.DefaultMavenResourcesFiltering - Using platform encoding (UTF-8 actually) to copy filtered resources, i.e. build is platform dependent!
2024-08-22 21:45:03,028 [Worker-43: Building] INFO  o.a.m.s.f.DefaultMavenResourcesFiltering - skip non existing resourceDirectory C:\Users\User\eclipse-workspace\Selenium_project\Learning_Automation\src\test\resources
2024-08-22 22:22:58,117 [Worker-42: Building] WARN  o.a.m.s.f.DefaultMavenResourcesFiltering - Using platform encoding (UTF-8 actually) to copy filtered resources, i.e. build is platform dependent!
2024-08-22 22:22:58,135 [Worker-42: Building] INFO  o.a.m.s.f.DefaultMavenResourcesFiltering - skip non existing resourceDirectory C:\Users\User\eclipse-workspace\Selenium_project\Learning_Automation\src\main\resources
2024-08-22 22:22:58,145 [Worker-42: Building] WARN  o.a.m.s.f.DefaultMavenResourcesFiltering - Using platform encoding (UTF-8 actually) to copy filtered resources, i.e. build is platform dependent!
2024-08-22 22:22:58,147 [Worker-42: Building] INFO  o.a.m.s.f.DefaultMavenResourcesFiltering - skip non existing resourceDirectory C:\Users\User\eclipse-workspace\Selenium_project\Learning_Automation\src\test\resources
2024-08-22 22:26:44,478 [Worker-42: Building] WARN  o.a.m.s.f.DefaultMavenResourcesFiltering - Using platform encoding (UTF-8 actually) to copy filtered resources, i.e. build is platform dependent!
2024-08-22 22:26:44,482 [Worker-42: Building] INFO  o.a.m.s.f.DefaultMavenResourcesFiltering - skip non existing resourceDirectory C:\Users\User\eclipse-workspace\Selenium_project\Learning_Automation\src\main\resources
2024-08-22 22:26:44,492 [Worker-42: Building] WARN  o.a.m.s.f.DefaultMavenResourcesFiltering - Using platform encoding (UTF-8 actually) to copy filtered resources, i.e. build is platform dependent!
2024-08-22 22:26:44,496 [Worker-42: Building] INFO  o.a.m.s.f.DefaultMavenResourcesFiltering - skip non existing resourceDirectory C:\Users\User\eclipse-workspace\Selenium_project\Learning_Automation\src\test\resources
2024-08-22 22:29:54,102 [Worker-51: Building] WARN  o.a.m.s.f.DefaultMavenResourcesFiltering - Using platform encoding (UTF-8 actually) to copy filtered resources, i.e. build is platform dependent!
2024-08-22 22:29:54,105 [Worker-51: Building] INFO  o.a.m.s.f.DefaultMavenResourcesFiltering - skip non existing resourceDirectory C:\Users\User\eclipse-workspace\Selenium_project\Learning_Automation\src\main\resources
2024-08-22 22:29:54,115 [Worker-51: Building] WARN  o.a.m.s.f.DefaultMavenResourcesFiltering - Using platform encoding (UTF-8 actually) to copy filtered resources, i.e. build is platform dependent!
2024-08-22 22:29:54,117 [Worker-51: Building] INFO  o.a.m.s.f.DefaultMavenResourcesFiltering - skip non existing resourceDirectory C:\Users\User\eclipse-workspace\Selenium_project\Learning_Automation\src\test\resources
2024-08-22 22:29:56,758 [Worker-48: Launching Abstract_class1] WARN  o.a.m.s.f.DefaultMavenResourcesFiltering - Using platform encoding (UTF-8 actually) to copy filtered resources, i.e. build is platform dependent!
2024-08-22 22:29:56,761 [Worker-48: Launching Abstract_class1] INFO  o.a.m.s.f.DefaultMavenResourcesFiltering - skip non existing resourceDirectory C:\Users\User\eclipse-workspace\Selenium_project\Learning_Automation\src\main\resources
2024-08-22 22:29:56,768 [Worker-48: Launching Abstract_class1] WARN  o.a.m.s.f.DefaultMavenResourcesFiltering - Using platform encoding (UTF-8 actually) to copy filtered resources, i.e. build is platform dependent!
2024-08-22 22:29:56,771 [Worker-48: Launching Abstract_class1] INFO  o.a.m.s.f.DefaultMavenResourcesFiltering - skip non existing resourceDirectory C:\Users\User\eclipse-workspace\Selenium_project\Learning_Automation\src\test\resources
2024-08-22 22:34:01,689 [Worker-42: Building] WARN  o.a.m.s.f.DefaultMavenResourcesFiltering - Using platform encoding (UTF-8 actually) to copy filtered resources, i.e. build is platform dependent!
2024-08-22 22:34:01,692 [Worker-42: Building] INFO  o.a.m.s.f.DefaultMavenResourcesFiltering - skip non existing resourceDirectory C:\Users\User\eclipse-workspace\Selenium_project\Learning_Automation\src\main\resources
2024-08-22 22:34:01,701 [Worker-42: Building] WARN  o.a.m.s.f.DefaultMavenResourcesFiltering - Using platform encoding (UTF-8 actually) to copy filtered resources, i.e. build is platform dependent!
2024-08-22 22:34:01,704 [Worker-42: Building] INFO  o.a.m.s.f.DefaultMavenResourcesFiltering - skip non existing resourceDirectory C:\Users\User\eclipse-workspace\Selenium_project\Learning_Automation\src\test\resources
2024-08-22 22:41:01,721 [Worker-52: Building] WARN  o.a.m.s.f.DefaultMavenResourcesFiltering - Using platform encoding (UTF-8 actually) to copy filtered resources, i.e. build is platform dependent!
2024-08-22 22:41:01,724 [Worker-52: Building] INFO  o.a.m.s.f.DefaultMavenResourcesFiltering - skip non existing resourceDirectory C:\Users\User\eclipse-workspace\Selenium_project\Learning_Automation\src\main\resources
2024-08-22 22:41:01,732 [Worker-52: Building] WARN  o.a.m.s.f.DefaultMavenResourcesFiltering - Using platform encoding (UTF-8 actually) to copy filtered resources, i.e. build is platform dependent!
2024-08-22 22:41:01,735 [Worker-52: Building] INFO  o.a.m.s.f.DefaultMavenResourcesFiltering - skip non existing resourceDirectory C:\Users\User\eclipse-workspace\Selenium_project\Learning_Automation\src\test\resources
2024-08-22 22:41:31,843 [Worker-48: Launching Abstract_Interface1] WARN  o.a.m.s.f.DefaultMavenResourcesFiltering - Using platform encoding (UTF-8 actually) to copy filtered resources, i.e. build is platform dependent!
2024-08-22 22:41:31,846 [Worker-48: Launching Abstract_Interface1] INFO  o.a.m.s.f.DefaultMavenResourcesFiltering - skip non existing resourceDirectory C:\Users\User\eclipse-workspace\Selenium_project\Learning_Automation\src\main\resources
2024-08-22 22:41:31,852 [Worker-48: Launching Abstract_Interface1] WARN  o.a.m.s.f.DefaultMavenResourcesFiltering - Using platform encoding (UTF-8 actually) to copy filtered resources, i.e. build is platform dependent!
2024-08-22 22:41:31,854 [Worker-48: Launching Abstract_Interface1] INFO  o.a.m.s.f.DefaultMavenResourcesFiltering - skip non existing resourceDirectory C:\Users\User\eclipse-workspace\Selenium_project\Learning_Automation\src\test\resources
2024-08-22 22:42:31,182 [Worker-51: Building] WARN  o.a.m.s.f.DefaultMavenResourcesFiltering - Using platform encoding (UTF-8 actually) to copy filtered resources, i.e. build is platform dependent!
2024-08-22 22:42:31,184 [Worker-51: Building] INFO  o.a.m.s.f.DefaultMavenResourcesFiltering - skip non existing resourceDirectory C:\Users\User\eclipse-workspace\Selenium_project\Learning_Automation\src\main\resources
2024-08-22 22:42:31,190 [Worker-51: Building] WARN  o.a.m.s.f.DefaultMavenResourcesFiltering - Using platform encoding (UTF-8 actually) to copy filtered resources, i.e. build is platform dependent!
2024-08-22 22:42:31,193 [Worker-51: Building] INFO  o.a.m.s.f.DefaultMavenResourcesFiltering - skip non existing resourceDirectory C:\Users\User\eclipse-workspace\Selenium_project\Learning_Automation\src\test\resources
2024-08-22 22:43:21,437 [Worker-51: Building] WARN  o.a.m.s.f.DefaultMavenResourcesFiltering - Using platform encoding (UTF-8 actually) to copy filtered resources, i.e. build is platform dependent!
2024-08-22 22:43:21,439 [Worker-51: Building] INFO  o.a.m.s.f.DefaultMavenResourcesFiltering - skip non existing resourceDirectory C:\Users\User\eclipse-workspace\Selenium_project\Learning_Automation\src\main\resources
2024-08-22 22:43:21,443 [Worker-51: Building] WARN  o.a.m.s.f.DefaultMavenResourcesFiltering - Using platform encoding (UTF-8 actually) to copy filtered resources, i.e. build is platform dependent!
2024-08-22 22:43:21,445 [Worker-51: Building] INFO  o.a.m.s.f.DefaultMavenResourcesFiltering - skip non existing resourceDirectory C:\Users\User\eclipse-workspace\Selenium_project\Learning_Automation\src\test\resources
2024-08-22 22:44:47,138 [Worker-55: Building] WARN  o.a.m.s.f.DefaultMavenResourcesFiltering - Using platform encoding (UTF-8 actually) to copy filtered resources, i.e. build is platform dependent!
2024-08-22 22:44:47,141 [Worker-55: Building] INFO  o.a.m.s.f.DefaultMavenResourcesFiltering - skip non existing resourceDirectory C:\Users\User\eclipse-workspace\Selenium_project\Learning_Automation\src\main\resources
2024-08-22 22:44:47,146 [Worker-55: Building] WARN  o.a.m.s.f.DefaultMavenResourcesFiltering - Using platform encoding (UTF-8 actually) to copy filtered resources, i.e. build is platform dependent!
2024-08-22 22:44:47,148 [Worker-55: Building] INFO  o.a.m.s.f.DefaultMavenResourcesFiltering - skip non existing resourceDirectory C:\Users\User\eclipse-workspace\Selenium_project\Learning_Automation\src\test\resources
2024-08-22 22:46:39,140 [Worker-51: Building] WARN  o.a.m.s.f.DefaultMavenResourcesFiltering - Using platform encoding (UTF-8 actually) to copy filtered resources, i.e. build is platform dependent!
2024-08-22 22:46:39,142 [Worker-51: Building] INFO  o.a.m.s.f.DefaultMavenResourcesFiltering - skip non existing resourceDirectory C:\Users\User\eclipse-workspace\Selenium_project\Learning_Automation\src\main\resources
2024-08-22 22:46:39,151 [Worker-51: Building] WARN  o.a.m.s.f.DefaultMavenResourcesFiltering - Using platform encoding (UTF-8 actually) to copy filtered resources, i.e. build is platform dependent!
2024-08-22 22:46:39,153 [Worker-51: Building] INFO  o.a.m.s.f.DefaultMavenResourcesFiltering - skip non existing resourceDirectory C:\Users\User\eclipse-workspace\Selenium_project\Learning_Automation\src\test\resources
2024-08-22 22:56:12,636 [Worker-51: Building] WARN  o.a.m.s.f.DefaultMavenResourcesFiltering - Using platform encoding (UTF-8 actually) to copy filtered resources, i.e. build is platform dependent!
2024-08-22 22:56:12,639 [Worker-51: Building] INFO  o.a.m.s.f.DefaultMavenResourcesFiltering - skip non existing resourceDirectory C:\Users\User\eclipse-workspace\Selenium_project\Learning_Automation\src\main\resources
2024-08-22 22:56:12,645 [Worker-51: Building] WARN  o.a.m.s.f.DefaultMavenResourcesFiltering - Using platform encoding (UTF-8 actually) to copy filtered resources, i.e. build is platform dependent!
2024-08-22 22:56:12,647 [Worker-51: Building] INFO  o.a.m.s.f.DefaultMavenResourcesFiltering - skip non existing resourceDirectory C:\Users\User\eclipse-workspace\Selenium_project\Learning_Automation\src\test\resources
2024-08-22 22:58:57,948 [Worker-55: Building] WARN  o.a.m.s.f.DefaultMavenResourcesFiltering - Using platform encoding (UTF-8 actually) to copy filtered resources, i.e. build is platform dependent!
2024-08-22 22:58:57,951 [Worker-55: Building] INFO  o.a.m.s.f.DefaultMavenResourcesFiltering - skip non existing resourceDirectory C:\Users\User\eclipse-workspace\Selenium_project\Learning_Automation\src\main\resources
2024-08-22 22:58:57,957 [Worker-55: Building] WARN  o.a.m.s.f.DefaultMavenResourcesFiltering - Using platform encoding (UTF-8 actually) to copy filtered resources, i.e. build is platform dependent!
2024-08-22 22:58:57,959 [Worker-55: Building] INFO  o.a.m.s.f.DefaultMavenResourcesFiltering - skip non existing resourceDirectory C:\Users\User\eclipse-workspace\Selenium_project\Learning_Automation\src\test\resources
2024-08-22 23:09:49,163 [Worker-48: Building] WARN  o.a.m.s.f.DefaultMavenResourcesFiltering - Using platform encoding (UTF-8 actually) to copy filtered resources, i.e. build is platform dependent!
2024-08-22 23:09:49,168 [Worker-48: Building] INFO  o.a.m.s.f.DefaultMavenResourcesFiltering - skip non existing resourceDirectory C:\Users\User\eclipse-workspace\Selenium_project\Learning_Automation\src\main\resources
2024-08-22 23:09:49,173 [Worker-48: Building] WARN  o.a.m.s.f.DefaultMavenResourcesFiltering - Using platform encoding (UTF-8 actually) to copy filtered resources, i.e. build is platform dependent!
2024-08-22 23:09:49,175 [Worker-48: Building] INFO  o.a.m.s.f.DefaultMavenResourcesFiltering - skip non existing resourceDirectory C:\Users\User\eclipse-workspace\Selenium_project\Learning_Automation\src\test\resources
